[90m2024-05-06T13:25:27.166Z[39m [32mDEBUG[39m [97m@wdio/browserstack-service[39m Sending SDK event with data {
  userName: 'erikkyttl_b8g0Ec',
  accessKey: 'tnborR5RsdQCvhkLSAku',
  event_type: 'SDKTestAttempted',
  detectedFramework: 'WebdriverIO-mocha',
  event_properties: {
    language_framework: 'WebdriverIO_mocha',
    referrer: 'WebdriverIO-mocha/8.36.1',
    language: 'WebdriverIO',
    languageVersion: 'v20.10.0',
    buildName: 'undefined',
    buildIdentifier: 'undefined',
    os: 'Windows_NT',
    hostname: 'DESKTOP-S2JLDIN',
    productMap: {
      observability: true,
      accessibility: false,
      percy: false,
      automate: true,
      app_automate: false
    },
    product: [ 'observability', 'automate' ]
  }
}
[90m2024-05-06T13:25:27.382Z[39m [32mDEBUG[39m [97m@wdio/browserstack-service[39m Funnel event success
[90m2024-05-06T13:25:27.383Z[39m [96mINFO[39m [97m@wdio/browserstack-service[39m app is not defined in browserstack-service config, skipping ...
[90m2024-05-06T13:25:27.383Z[39m [32mDEBUG[39m [97m@wdio/browserstack-service[39m Sending launch start event
[90m2024-05-06T13:25:28.075Z[39m [32mDEBUG[39m [97m@wdio/browserstack-service[39m [Start_Build] Success response: {"build_hashed_id":"w2a46enh5vwxmcuxm9ecexivh1sf8xwfeosjxqrj","jwt":"eyJhbGciOiJIUzI1NiJ9.eyJpc3MiOiJicm93c2Vyc3RhY2tfb2IiLCJzdWIiOiI4NTAxMTc4IiwiZ3JvdXBfaWQiOjg0MTQwNjksInVzZXJfaWQiOjg1MDExNzgsImJ1aWxkX2hhc2hlZF9pZCI6IncyYTQ2ZW5oNXZ3eG1jdXhtOWVjZXhpdmgxc2Y4eHdmZW9zanhxcmoiLCJob29rX2FzX3Rlc3QiOiIxIiwiYnVpbGRfbmFtZSI6IlVkZW15X3dlYmRyaXZlcklPIiwic2lnbmluZ19rZXlfaGFzaCI6IjQxYzk0OTZjZjI4MGY0MGNkYzRiNDVjZmRlZjg5YjViMmM0MDM4Nzc3MzkzYjFhYTExYzAwM2JjZDA0ZTQwOGQiLCJpYXQiOjE3MTUwMDE5MjksImV4cCI6MTcxNTM0NzUyOX0.dqnTdNVtw-h-LkviL_NlRG3OlPIkSFF3hgFYl2QQRrU","allow_screenshots":true}
[90m2024-05-06T13:25:28.076Z[39m [96mINFO[39m [97m@wdio/browserstack-service[39m browserstackLocal is not enabled - skipping...
[90m2024-05-06T13:25:35.419Z[39m [32mDEBUG[39m [97m@wdio/browserstack-service[39m Requesting Browserstack session URL at https://api.browserstack.com/automate/sessions/4b893b801e816e64dc5eb59ce5695dfb303f1cc4.json
[90m2024-05-06T13:25:35.703Z[39m [96mINFO[39m [97m@wdio/browserstack-service[39m chrome 124.0.6367.61 session: https://automate.browserstack.com/builds/27ab6b61ca8d2ac42b85c937da7369e62837c112/sessions/4b893b801e816e64dc5eb59ce5695dfb303f1cc4
[90m2024-05-06T13:25:35.712Z[39m [96mINFO[39m [97m@wdio/browserstack-service[39m Update job with sessionId 4b893b801e816e64dc5eb59ce5695dfb303f1cc4
[90m2024-05-06T13:25:35.712Z[39m [32mDEBUG[39m [97m@wdio/browserstack-service[39m Updating Browserstack session at https://api.browserstack.com/automate/sessions/4b893b801e816e64dc5eb59ce5695dfb303f1cc4.json with request body: 
[90m2024-05-06T13:25:35.912Z[39m [96mINFO[39m [97m@wdio/browserstack-service[39m Update job with sessionId 4b893b801e816e64dc5eb59ce5695dfb303f1cc4
[90m2024-05-06T13:25:35.912Z[39m [32mDEBUG[39m [97m@wdio/browserstack-service[39m Updating Browserstack session at https://api.browserstack.com/automate/sessions/4b893b801e816e64dc5eb59ce5695dfb303f1cc4.json with request body: 
[90m2024-05-06T13:25:36.588Z[39m [32mDEBUG[39m [97m@wdio/browserstack-service[39m Added data to request queue. Queue length = 1
[90m2024-05-06T13:25:36.716Z[39m [32mDEBUG[39m [97m@wdio/browserstack-service[39m Added data to request queue. Queue length = 2
[90m2024-05-06T13:25:37.492Z[39m [32mDEBUG[39m [97m@wdio/browserstack-service[39m Added data to request queue. Queue length = 3
[90m2024-05-06T13:25:38.597Z[39m [32mDEBUG[39m [97m@wdio/browserstack-service[39m Sending data from request queue. Data length = 3, Queue length after removal = 0
[90m2024-05-06T13:25:38.597Z[39m [32mDEBUG[39m [97m@wdio/browserstack-service[39m calling callback with kind INTERVAL_QUEUE
[90m2024-05-06T13:25:38.597Z[39m [32mDEBUG[39m [97m@wdio/browserstack-service[39m callback: called with events 3
[90m2024-05-06T13:25:39.014Z[39m [32mDEBUG[39m [97m@wdio/browserstack-service[39m [BATCH_DATA] Success response: {"success":true}
[90m2024-05-06T13:25:39.014Z[39m [32mDEBUG[39m [97m@wdio/browserstack-service[39m callback: marking events success 3
[90m2024-05-06T13:25:39.434Z[39m [32mDEBUG[39m [97m@wdio/browserstack-service[39m Added data to request queue. Queue length = 1
[90m2024-05-06T13:25:39.535Z[39m [32mDEBUG[39m [97m@wdio/browserstack-service[39m Added data to request queue. Queue length = 2
[90m2024-05-06T13:25:39.636Z[39m [32mDEBUG[39m [97m@wdio/browserstack-service[39m Added data to request queue. Queue length = 3
[90m2024-05-06T13:25:39.719Z[39m [32mDEBUG[39m [97m@wdio/browserstack-service[39m Added data to request queue. Queue length = 4
[90m2024-05-06T13:25:39.822Z[39m [32mDEBUG[39m [97m@wdio/browserstack-service[39m Added data to request queue. Queue length = 5
[90m2024-05-06T13:25:39.904Z[39m [32mDEBUG[39m [97m@wdio/browserstack-service[39m Added data to request queue. Queue length = 6
[90m2024-05-06T13:25:39.968Z[39m [32mDEBUG[39m [97m@wdio/browserstack-service[39m Added data to request queue. Queue length = 7
[90m2024-05-06T13:25:40.033Z[39m [32mDEBUG[39m [97m@wdio/browserstack-service[39m Added data to request queue. Queue length = 8
[90m2024-05-06T13:25:40.092Z[39m [32mDEBUG[39m [97m@wdio/browserstack-service[39m Added data to request queue. Queue length = 9
[90m2024-05-06T13:25:40.151Z[39m [32mDEBUG[39m [97m@wdio/browserstack-service[39m Added data to request queue. Queue length = 10
[90m2024-05-06T13:25:40.207Z[39m [32mDEBUG[39m [97m@wdio/browserstack-service[39m Added data to request queue. Queue length = 11
[90m2024-05-06T13:25:40.209Z[39m [32mDEBUG[39m [97m@wdio/browserstack-service[39m calling testFinished
[90m2024-05-06T13:25:40.209Z[39m [32mDEBUG[39m [97m@wdio/browserstack-service[39m Added data to request queue. Queue length = 12
[90m2024-05-06T13:25:40.209Z[39m [32mDEBUG[39m [97m@wdio/browserstack-service[39m Accessibility after test hook. Before sending test stop event
[90m2024-05-06T13:25:40.214Z[39m [96mINFO[39m [97m@wdio/browserstack-service[39m Update job with sessionId 4b893b801e816e64dc5eb59ce5695dfb303f1cc4
[90m2024-05-06T13:25:40.215Z[39m [32mDEBUG[39m [97m@wdio/browserstack-service[39m Updating Browserstack session at https://api.browserstack.com/automate/sessions/4b893b801e816e64dc5eb59ce5695dfb303f1cc4.json with request body: 
[90m2024-05-06T13:25:40.458Z[39m [32mDEBUG[39m [97m@wdio/browserstack-service[39m teardown started
[90m2024-05-06T13:25:40.458Z[39m [32mDEBUG[39m [97m@wdio/browserstack-service[39m shutdown started
[90m2024-05-06T13:25:40.458Z[39m [32mDEBUG[39m [97m@wdio/browserstack-service[39m Shutting down request queue
[90m2024-05-06T13:25:40.458Z[39m [32mDEBUG[39m [97m@wdio/browserstack-service[39m calling callback with kind SHUTDOWN_QUEUE
[90m2024-05-06T13:25:40.458Z[39m [32mDEBUG[39m [97m@wdio/browserstack-service[39m callback: called with events 12
[90m2024-05-06T13:25:40.567Z[39m [32mDEBUG[39m [97m@wdio/browserstack-service[39m [BATCH_DATA] Success response: {"success":true}
[90m2024-05-06T13:25:40.567Z[39m [32mDEBUG[39m [97m@wdio/browserstack-service[39m callback: marking events success 12
[90m2024-05-06T13:25:40.567Z[39m [32mDEBUG[39m [97m@wdio/browserstack-service[39m shutdown ended
[90m2024-05-06T13:25:40.567Z[39m [32mDEBUG[39m [97m@wdio/browserstack-service[39m teardown ended
[90m2024-05-06T13:25:41.362Z[39m [32mDEBUG[39m [97m@wdio/browserstack-service[39m Added data to request queue. Queue length = 1
[90m2024-05-06T13:25:41.362Z[39m [32mDEBUG[39m [97m@wdio/browserstack-service[39m Force request-queue shutdown, as test run event is received after teardown
[90m2024-05-06T13:25:41.362Z[39m [32mDEBUG[39m [97m@wdio/browserstack-service[39m Sending data from request queue. Data length = 1, Queue length after removal = 0
[90m2024-05-06T13:25:41.362Z[39m [32mDEBUG[39m [97m@wdio/browserstack-service[39m calling callback with kind INTERVAL_QUEUE
[90m2024-05-06T13:25:41.362Z[39m [32mDEBUG[39m [97m@wdio/browserstack-service[39m callback: called with events 1
[90m2024-05-06T13:25:41.471Z[39m [32mDEBUG[39m [97m@wdio/browserstack-service[39m [BATCH_DATA] Success response: {"success":true}
[90m2024-05-06T13:25:44.504Z[39m [32mDEBUG[39m [97m@wdio/browserstack-service[39m Inside OnComplete hook..
[90m2024-05-06T13:25:44.505Z[39m [32mDEBUG[39m [97m@wdio/browserstack-service[39m Sending stop launch event
[90m2024-05-06T13:25:44.612Z[39m [32mDEBUG[39m [97m@wdio/browserstack-service[39m [STOP_BUILD] Success response: ""
[90m2024-05-06T13:25:44.614Z[39m [32mDEBUG[39m [97m@wdio/browserstack-service[39m Reading worker file worker-data-20812.json
[90m2024-05-06T13:25:44.618Z[39m [32mDEBUG[39m [97m@wdio/browserstack-service[39m Sending SDK event with data {
  userName: 'erikkyttl_b8g0Ec',
  accessKey: 'tnborR5RsdQCvhkLSAku',
  event_type: 'SDKTestSuccessful',
  detectedFramework: 'WebdriverIO-mocha',
  event_properties: {
    language_framework: 'WebdriverIO_mocha',
    referrer: 'WebdriverIO-mocha/8.36.1',
    language: 'WebdriverIO',
    languageVersion: 'v20.10.0',
    buildName: 'undefined',
    buildIdentifier: 'undefined',
    os: 'Windows_NT',
    hostname: 'DESKTOP-S2JLDIN',
    productMap: {
      observability: true,
      accessibility: false,
      percy: false,
      automate: true,
      app_automate: false
    },
    product: [ 'observability', 'automate' ],
    productUsage: {
      testObservability: {
        enabled: true,
        manuallySet: false,
        buildHashedId: 'w2a46enh5vwxmcuxm9ecexivh1sf8xwfeosjxqrj',
        events: {
          buildEvents: {
            started: { isTriggered: true, status: 'success', error: undefined },
            finished: { isTriggered: true, status: 'success', error: undefined }
          },
          testEvents: {
            started: { triggeredCount: 1, sentCount: 1, failedCount: 0 },
            finished: { triggeredCount: 1, sentCount: 1, failedCount: 0 },
            passed: { triggeredCount: 1, sentCount: 1, failedCount: 0 }
          },
          hookEvents: {
            started: { triggeredCount: 0, sentCount: 0, failedCount: 0 },
            finished: { triggeredCount: 0, sentCount: 0, failedCount: 0 }
          },
          logEvents: {
            triggeredCount: 13,
            sentCount: 13,
            failedCount: 0,
            http: { triggeredCount: 13, sentCount: 13, failedCount: 0 }
          },
          cbtSessionEvents: { triggeredCount: 0, sentCount: 0, failedCount: 0 }
        }
      }
    }
  }
}
[90m2024-05-06T13:25:44.791Z[39m [32mDEBUG[39m [97m@wdio/browserstack-service[39m Funnel event success
[90m2024-05-06T13:25:45.606Z[39m [32mDEBUG[39m [97m@wdio/browserstack-service[39m Response - {
  status: 'success',
  message: 'Logs upload successful in file - logs.gz'
}
